CRITICAL - 2023-11-21 08:53:18 --> Invalid file: "ctemplates/carouselButtons.php"
in SYSTEMPATH\Exceptions\FrameworkException.php on line 39.
 1 SYSTEMPATH\View\View.php(216): CodeIgniter\Exceptions\FrameworkException::forInvalidFile('ctemplates/carouselButtons.php')
 2 SYSTEMPATH\Common.php(1190): CodeIgniter\View\View->render('ctemplates/carouselButtons', [], true)
 3 APPPATH\Controllers\Home.php(13): view('ctemplates/carouselButtons')
 4 SYSTEMPATH\CodeIgniter.php(942): App\Controllers\Home->pagina2()
 5 SYSTEMPATH\CodeIgniter.php(502): CodeIgniter\CodeIgniter->runController(Object(App\Controllers\Home))
 6 SYSTEMPATH\CodeIgniter.php(361): CodeIgniter\CodeIgniter->handleRequest(null, Object(Config\Cache), false)
 7 FCPATH\index.php(79): CodeIgniter\CodeIgniter->run()
CRITICAL - 2023-11-21 08:53:23 --> Invalid file: "ctemplates/carouselButtons.php"
in SYSTEMPATH\Exceptions\FrameworkException.php on line 39.
 1 SYSTEMPATH\View\View.php(216): CodeIgniter\Exceptions\FrameworkException::forInvalidFile('ctemplates/carouselButtons.php')
 2 SYSTEMPATH\Common.php(1190): CodeIgniter\View\View->render('ctemplates/carouselButtons', [], true)
 3 APPPATH\Controllers\Home.php(13): view('ctemplates/carouselButtons')
 4 SYSTEMPATH\CodeIgniter.php(942): App\Controllers\Home->pagina2()
 5 SYSTEMPATH\CodeIgniter.php(502): CodeIgniter\CodeIgniter->runController(Object(App\Controllers\Home))
 6 SYSTEMPATH\CodeIgniter.php(361): CodeIgniter\CodeIgniter->handleRequest(null, Object(Config\Cache), false)
 7 FCPATH\index.php(79): CodeIgniter\CodeIgniter->run()
CRITICAL - 2023-11-21 08:54:22 --> Invalid file: "content/Austria.php"
in SYSTEMPATH\Exceptions\FrameworkException.php on line 39.
 1 SYSTEMPATH\View\View.php(216): CodeIgniter\Exceptions\FrameworkException::forInvalidFile('content/Austria.php')
 2 SYSTEMPATH\Common.php(1190): CodeIgniter\View\View->render('content/Austria', [], true)
 3 APPPATH\Controllers\Home.php(9): view('content/Austria')
 4 SYSTEMPATH\CodeIgniter.php(942): App\Controllers\Home->index()
 5 SYSTEMPATH\CodeIgniter.php(502): CodeIgniter\CodeIgniter->runController(Object(App\Controllers\Home))
 6 SYSTEMPATH\CodeIgniter.php(361): CodeIgniter\CodeIgniter->handleRequest(null, Object(Config\Cache), false)
 7 FCPATH\index.php(79): CodeIgniter\CodeIgniter->run()
